<?xml version="1.0" encoding="UTF-8"?>
<testng-results skipped="0" failed="0" total="1" passed="1">
  <reporter-output>
  </reporter-output>
  <suite name="Default suite" duration-ms="38732" started-at="2016-09-05T05:39:33Z" finished-at="2016-09-05T05:40:12Z">
    <groups>
    </groups>
    <test name="Default test" duration-ms="38732" started-at="2016-09-05T05:39:33Z" finished-at="2016-09-05T05:40:12Z">
      <class name="Test.RegTest">
        <test-method status="PASS" signature="preConfig()[pri:0, instance:Test.RegTest@77cd7a0]" name="preConfig" is-config="true" duration-ms="98" started-at="2016-09-05T11:09:33Z" finished-at="2016-09-05T11:09:33Z">
          <reporter-output>
          </reporter-output>
        </test-method> <!-- preConfig -->
        <test-method status="PASS" signature="setup()[pri:0, instance:Test.RegTest@77cd7a0]" name="setup" is-config="true" duration-ms="31263" started-at="2016-09-05T11:09:33Z" finished-at="2016-09-05T11:10:04Z">
          <reporter-output>
          </reporter-output>
        </test-method> <!-- setup -->
        <test-method status="PASS" signature="check()[pri:0, instance:Test.RegTest@77cd7a0]" name="check" duration-ms="4160" started-at="2016-09-05T11:10:04Z" finished-at="2016-09-05T11:10:09Z">
          <reporter-output>
          </reporter-output>
        </test-method> <!-- check -->
        <test-method status="PASS" signature="terminate()[pri:0, instance:Test.RegTest@77cd7a0]" name="terminate" is-config="true" duration-ms="3131" started-at="2016-09-05T11:10:09Z" finished-at="2016-09-05T11:10:12Z">
          <reporter-output>
          </reporter-output>
        </test-method> <!-- terminate -->
      </class> <!-- Test.RegTest -->
    </test> <!-- Default test -->
  </suite> <!-- Default suite -->
</testng-results>
