<?xml version="1.0" encoding="UTF-8"?>
<!-- Generated by org.testng.reporters.JUnitXMLReporter -->
<testsuite hostname="SVWIN00058" name="Default test" tests="2" failures="0" timestamp="10 Aug 2016 04:21:23 GMT" time="50.783" errors="0">
  <testcase name="@BeforeTest setup1" time="0.0" classname="Test.LoginTest">
    <failure type="org.openqa.selenium.WebDriverException" message="Failed to connect to binary FirefoxBinary(C:\Program Files\Mozilla Firefox\firefox.exe) on port 7055; process output follows: 
4.9.7&amp;quot;,&amp;quot;type&amp;quot;:&amp;quot;extension&amp;quot;,&amp;quot;internalName&amp;quot;:null,&amp;quot;updateURL&amp;quot;:null,&amp;quot;updateKey&amp;quot;:null,&amp;quot;optionsURL&amp;quot;:null,&amp;quot;optionsType&amp;quot;:null,&amp;quot;aboutURL&amp;quot;:&amp;quot;chrome://fiddlerhook/content/about.xul&amp;quot;,&amp;quot;icons&amp;quot;:{},&amp;quot;iconURL&amp;quot;:&amp;quot;chrome://fiddlerhook/content/fiddlerhook.png&amp;quot;,&amp;quot;icon64URL&amp;quot;:null,&amp;quot;defaultLocale&amp;quot;:{&amp;quot;name&amp;quot;:&amp;quot;FiddlerHook&amp;quot;,&amp;quot;description&amp;quot;:&amp;quot;Integrate Fiddler into Firefox&amp;quot;,&amp;quot;creator&amp;quot;:&amp;quot;Telerik&amp;quot;,&amp;quot;homepageURL&amp;quot;:&amp;quot;https://fiddler2.com/r/?FIDDLERHOOKHELP&amp;quot;},&amp;quot;visible&amp;quot;:true,&amp;quot;active&amp;quot;:false,&amp;quot;userDisabled&amp;quot;:true,&amp;quot;appDisabled&amp;quot;:false,&amp;quot;descriptor&amp;quot;:&amp;quot;C:\\Program Files\\Fiddler2\\FiddlerHook&amp;quot;,&amp;quot;installDate&amp;quot;:1428577071940,&amp;quot;updateDate&amp;quot;:1428577071940,&amp;quot;applyBackgroundUpdates&amp;quot;:1,&amp;quot;bootstrap&amp;quot;:false,&amp;quot;skinnable&amp;quot;:false,&amp;quot;size&amp;quot;:33877,&amp;quot;sourceURI&amp;quot;:null,&amp;quot;releaseNotesURI&amp;quot;:null,&amp;quot;softDisabled&amp;quot;:false,&amp;quot;foreignInstall&amp;quot;:true,&amp;quot;hasBinaryComponents&amp;quot;:false,&amp;quot;strictCompatibility&amp;quot;:false,&amp;quot;locales&amp;quot;:[],&amp;quot;targetApplications&amp;quot;:[{&amp;quot;id&amp;quot;:&amp;quot;{ec8030f7-c20a-464f-9b0e-13a3a9e97384}&amp;quot;,&amp;quot;minVersion&amp;quot;:&amp;quot;4.0&amp;quot;,&amp;quot;maxVersion&amp;quot;:&amp;quot;37.*&amp;quot;}],&amp;quot;targetPlatforms&amp;quot;:[],&amp;quot;multiprocessCompatible&amp;quot;:false,&amp;quot;signedState&amp;quot;:0,&amp;quot;seen&amp;quot;:true}
1470802839821	DeferredSave.extensions.json	DEBUG	Save changes
1470802839821	addons.xpi	DEBUG	Updating database with changes to installed add-ons
1470802839821	addons.xpi-utils	DEBUG	Updating add-on states
1470802839823	addons.xpi-utils	DEBUG	Writing add-ons list
1470802839840	addons.xpi	DEBUG	Registering manifest for C:\Program Files\Mozilla Firefox\browser\features\e10srollout@mozilla.org.xpi
1470802839841	addons.xpi	DEBUG	Calling bootstrap method startup on e10srollout@mozilla.org version 1.0
1470802839841	addons.xpi	DEBUG	Registering manifest for C:\Program Files\Mozilla Firefox\browser\features\firefox@getpocket.com.xpi
1470802839842	addons.xpi	DEBUG	Calling bootstrap method startup on firefox@getpocket.com version 1.0.4
1470802839844	addons.xpi	DEBUG	Registering manifest for C:\Program Files\Mozilla Firefox\browser\features\loop@mozilla.org.xpi
1470802839845	addons.xpi	DEBUG	Calling bootstrap method startup on loop@mozilla.org version 1.4.3
1470802839888	addons.manager	DEBUG	Registering shutdown blocker for XPIProvider
1470802839889	addons.manager	DEBUG	Provider finished startup: XPIProvider
1470802839889	addons.manager	DEBUG	Starting provider: LightweightThemeManager
1470802839890	addons.manager	DEBUG	Registering shutdown blocker for LightweightThemeManager
1470802839890	addons.manager	DEBUG	Provider finished startup: LightweightThemeManager
1470802839891	addons.manager	DEBUG	Starting provider: GMPProvider
1470802839907	addons.manager	DEBUG	Registering shutdown blocker for GMPProvider
1470802839907	addons.manager	DEBUG	Provider finished startup: GMPProvider
1470802839907	addons.manager	DEBUG	Starting provider: PluginProvider
1470802839908	addons.manager	DEBUG	Registering shutdown blocker for PluginProvider
1470802839908	addons.manager	DEBUG	Provider finished startup: PluginProvider
1470802839909	addons.manager	DEBUG	Completed startup sequence
1470802840579	addons.manager	DEBUG	Starting provider: &amp;lt;unnamed-provider&amp;gt;
1470802840579	addons.manager	DEBUG	Registering shutdown blocker for &amp;lt;unnamed-provider&amp;gt;
1470802840579	addons.manager	DEBUG	Provider finished startup: &amp;lt;unnamed-provider&amp;gt;
1470802840979	DeferredSave.extensions.json	DEBUG	Write succeeded
1470802840979	addons.xpi-utils	DEBUG	XPI Database saved, setting schema version preference to 17
1470802840979	DeferredSave.extensions.json	DEBUG	Starting timer
1470802841010	DeferredSave.extensions.json	DEBUG	Starting write
1470802841022	addons.repository	DEBUG	No addons.json found.
1470802841023	DeferredSave.addons.json	DEBUG	Save changes
1470802841027	DeferredSave.addons.json	DEBUG	Starting timer
1470802841341	addons.manager	DEBUG	Starting provider: PreviousExperimentProvider
1470802841341	addons.manager	DEBUG	Registering shutdown blocker for PreviousExperimentProvider
1470802841342	addons.manager	DEBUG	Provider finished startup: PreviousExperimentProvider
1470802841349	DeferredSave.addons.json	DEBUG	Starting write
1470802841394	DeferredSave.extensions.json	DEBUG	Write succeeded
1470802841539	DeferredSave.addons.json	DEBUG	Write succeeded

Build info: version: &amp;apos;2.53.0&amp;apos;, revision: &amp;apos;35ae25b&amp;apos;, time: &amp;apos;2016-03-15 16:57:40&amp;apos;
System info: host: &amp;apos;SVWIN00058&amp;apos;, ip: &amp;apos;137.237.155.158&amp;apos;, os.name: &amp;apos;Windows XP&amp;apos;, os.arch: &amp;apos;x86&amp;apos;, os.version: &amp;apos;5.1&amp;apos;, java.version: &amp;apos;1.8.0_51&amp;apos;
Driver info: driver.version: FirefoxDriver">
      <![CDATA[org.openqa.selenium.WebDriverException: Failed to connect to binary FirefoxBinary(C:\Program Files\Mozilla Firefox\firefox.exe) on port 7055; process output follows: 
4.9.7","type":"extension","internalName":null,"updateURL":null,"updateKey":null,"optionsURL":null,"optionsType":null,"aboutURL":"chrome://fiddlerhook/content/about.xul","icons":{},"iconURL":"chrome://fiddlerhook/content/fiddlerhook.png","icon64URL":null,"defaultLocale":{"name":"FiddlerHook","description":"Integrate Fiddler into Firefox","creator":"Telerik","homepageURL":"https://fiddler2.com/r/?FIDDLERHOOKHELP"},"visible":true,"active":false,"userDisabled":true,"appDisabled":false,"descriptor":"C:\\Program Files\\Fiddler2\\FiddlerHook","installDate":1428577071940,"updateDate":1428577071940,"applyBackgroundUpdates":1,"bootstrap":false,"skinnable":false,"size":33877,"sourceURI":null,"releaseNotesURI":null,"softDisabled":false,"foreignInstall":true,"hasBinaryComponents":false,"strictCompatibility":false,"locales":[],"targetApplications":[{"id":"{ec8030f7-c20a-464f-9b0e-13a3a9e97384}","minVersion":"4.0","maxVersion":"37.*"}],"targetPlatforms":[],"multiprocessCompatible":false,"signedState":0,"seen":true}
1470802839821	DeferredSave.extensions.json	DEBUG	Save changes
1470802839821	addons.xpi	DEBUG	Updating database with changes to installed add-ons
1470802839821	addons.xpi-utils	DEBUG	Updating add-on states
1470802839823	addons.xpi-utils	DEBUG	Writing add-ons list
1470802839840	addons.xpi	DEBUG	Registering manifest for C:\Program Files\Mozilla Firefox\browser\features\e10srollout@mozilla.org.xpi
1470802839841	addons.xpi	DEBUG	Calling bootstrap method startup on e10srollout@mozilla.org version 1.0
1470802839841	addons.xpi	DEBUG	Registering manifest for C:\Program Files\Mozilla Firefox\browser\features\firefox@getpocket.com.xpi
1470802839842	addons.xpi	DEBUG	Calling bootstrap method startup on firefox@getpocket.com version 1.0.4
1470802839844	addons.xpi	DEBUG	Registering manifest for C:\Program Files\Mozilla Firefox\browser\features\loop@mozilla.org.xpi
1470802839845	addons.xpi	DEBUG	Calling bootstrap method startup on loop@mozilla.org version 1.4.3
1470802839888	addons.manager	DEBUG	Registering shutdown blocker for XPIProvider
1470802839889	addons.manager	DEBUG	Provider finished startup: XPIProvider
1470802839889	addons.manager	DEBUG	Starting provider: LightweightThemeManager
1470802839890	addons.manager	DEBUG	Registering shutdown blocker for LightweightThemeManager
1470802839890	addons.manager	DEBUG	Provider finished startup: LightweightThemeManager
1470802839891	addons.manager	DEBUG	Starting provider: GMPProvider
1470802839907	addons.manager	DEBUG	Registering shutdown blocker for GMPProvider
1470802839907	addons.manager	DEBUG	Provider finished startup: GMPProvider
1470802839907	addons.manager	DEBUG	Starting provider: PluginProvider
1470802839908	addons.manager	DEBUG	Registering shutdown blocker for PluginProvider
1470802839908	addons.manager	DEBUG	Provider finished startup: PluginProvider
1470802839909	addons.manager	DEBUG	Completed startup sequence
1470802840579	addons.manager	DEBUG	Starting provider: <unnamed-provider>
1470802840579	addons.manager	DEBUG	Registering shutdown blocker for <unnamed-provider>
1470802840579	addons.manager	DEBUG	Provider finished startup: <unnamed-provider>
1470802840979	DeferredSave.extensions.json	DEBUG	Write succeeded
1470802840979	addons.xpi-utils	DEBUG	XPI Database saved, setting schema version preference to 17
1470802840979	DeferredSave.extensions.json	DEBUG	Starting timer
1470802841010	DeferredSave.extensions.json	DEBUG	Starting write
1470802841022	addons.repository	DEBUG	No addons.json found.
1470802841023	DeferredSave.addons.json	DEBUG	Save changes
1470802841027	DeferredSave.addons.json	DEBUG	Starting timer
1470802841341	addons.manager	DEBUG	Starting provider: PreviousExperimentProvider
1470802841341	addons.manager	DEBUG	Registering shutdown blocker for PreviousExperimentProvider
1470802841342	addons.manager	DEBUG	Provider finished startup: PreviousExperimentProvider
1470802841349	DeferredSave.addons.json	DEBUG	Starting write
1470802841394	DeferredSave.extensions.json	DEBUG	Write succeeded
1470802841539	DeferredSave.addons.json	DEBUG	Write succeeded

Build info: version: '2.53.0', revision: '35ae25b', time: '2016-03-15 16:57:40'
System info: host: 'SVWIN00058', ip: '137.237.155.158', os.name: 'Windows XP', os.arch: 'x86', os.version: '5.1', java.version: '1.8.0_51'
Driver info: driver.version: FirefoxDriver
	at org.openqa.selenium.firefox.internal.NewProfileExtensionConnection.start(NewProfileExtensionConnection.java:124)
	at org.openqa.selenium.firefox.FirefoxDriver.startClient(FirefoxDriver.java:271)
	at org.openqa.selenium.remote.RemoteWebDriver.<init>(RemoteWebDriver.java:119)
	at org.openqa.selenium.firefox.FirefoxDriver.<init>(FirefoxDriver.java:218)
	at org.openqa.selenium.firefox.FirefoxDriver.<init>(FirefoxDriver.java:211)
	at org.openqa.selenium.firefox.FirefoxDriver.<init>(FirefoxDriver.java:207)
	at org.openqa.selenium.firefox.FirefoxDriver.<init>(FirefoxDriver.java:120)
	at Test.LoginTest.setup1(LoginTest.java:16)
	at sun.reflect.NativeMethodAccessorImpl.invoke0(Native Method)
	at sun.reflect.NativeMethodAccessorImpl.invoke(Unknown Source)
	at sun.reflect.DelegatingMethodAccessorImpl.invoke(Unknown Source)
	at java.lang.reflect.Method.invoke(Unknown Source)
	at org.testng.internal.MethodInvocationHelper.invokeMethod(MethodInvocationHelper.java:85)
	at org.testng.internal.Invoker.invokeConfigurationMethod(Invoker.java:510)
	at org.testng.internal.Invoker.invokeConfigurations(Invoker.java:211)
	at org.testng.internal.Invoker.invokeConfigurations(Invoker.java:138)
	at org.testng.TestRunner.beforeRun(TestRunner.java:648)
	at org.testng.TestRunner.run(TestRunner.java:616)
	at org.testng.SuiteRunner.runTest(SuiteRunner.java:359)
	at org.testng.SuiteRunner.runSequentially(SuiteRunner.java:354)
	at org.testng.SuiteRunner.privateRun(SuiteRunner.java:312)
	at org.testng.SuiteRunner.run(SuiteRunner.java:261)
	at org.testng.SuiteRunnerWorker.runSuite(SuiteRunnerWorker.java:52)
	at org.testng.SuiteRunnerWorker.run(SuiteRunnerWorker.java:86)
	at org.testng.TestNG.runSuitesSequentially(TestNG.java:1215)
	at org.testng.TestNG.runSuitesLocally(TestNG.java:1140)
	at org.testng.TestNG.run(TestNG.java:1048)
	at org.testng.remote.AbstractRemoteTestNG.run(AbstractRemoteTestNG.java:126)
	at org.testng.remote.RemoteTestNG.initAndRun(RemoteTestNG.java:137)
	at org.testng.remote.RemoteTestNG.main(RemoteTestNG.java:58)
Caused by: org.openqa.selenium.firefox.NotConnectedException: Unable to connect to host localhost on port 7055 after 45000 ms. Firefox console output:
4.9.7","type":"extension","internalName":null,"updateURL":null,"updateKey":null,"optionsURL":null,"optionsType":null,"aboutURL":"chrome://fiddlerhook/content/about.xul","icons":{},"iconURL":"chrome://fiddlerhook/content/fiddlerhook.png","icon64URL":null,"defaultLocale":{"name":"FiddlerHook","description":"Integrate Fiddler into Firefox","creator":"Telerik","homepageURL":"https://fiddler2.com/r/?FIDDLERHOOKHELP"},"visible":true,"active":false,"userDisabled":true,"appDisabled":false,"descriptor":"C:\\Program Files\\Fiddler2\\FiddlerHook","installDate":1428577071940,"updateDate":1428577071940,"applyBackgroundUpdates":1,"bootstrap":false,"skinnable":false,"size":33877,"sourceURI":null,"releaseNotesURI":null,"softDisabled":false,"foreignInstall":true,"hasBinaryComponents":false,"strictCompatibility":false,"locales":[],"targetApplications":[{"id":"{ec8030f7-c20a-464f-9b0e-13a3a9e97384}","minVersion":"4.0","maxVersion":"37.*"}],"targetPlatforms":[],"multiprocessCompatible":false,"signedState":0,"seen":true}
1470802839821	DeferredSave.extensions.json	DEBUG	Save changes
1470802839821	addons.xpi	DEBUG	Updating database with changes to installed add-ons
1470802839821	addons.xpi-utils	DEBUG	Updating add-on states
1470802839823	addons.xpi-utils	DEBUG	Writing add-ons list
1470802839840	addons.xpi	DEBUG	Registering manifest for C:\Program Files\Mozilla Firefox\browser\features\e10srollout@mozilla.org.xpi
1470802839841	addons.xpi	DEBUG	Calling bootstrap method startup on e10srollout@mozilla.org version 1.0
1470802839841	addons.xpi	DEBUG	Registering manifest for C:\Program Files\Mozilla Firefox\browser\features\firefox@getpocket.com.xpi
1470802839842	addons.xpi	DEBUG	Calling bootstrap method startup on firefox@getpocket.com version 1.0.4
1470802839844	addons.xpi	DEBUG	Registering manifest for C:\Program Files\Mozilla Firefox\browser\features\loop@mozilla.org.xpi
1470802839845	addons.xpi	DEBUG	Calling bootstrap method startup on loop@mozilla.org version 1.4.3
1470802839888	addons.manager	DEBUG	Registering shutdown blocker for XPIProvider
1470802839889	addons.manager	DEBUG	Provider finished startup: XPIProvider
1470802839889	addons.manager	DEBUG	Starting provider: LightweightThemeManager
1470802839890	addons.manager	DEBUG	Registering shutdown blocker for LightweightThemeManager
1470802839890	addons.manager	DEBUG	Provider finished startup: LightweightThemeManager
1470802839891	addons.manager	DEBUG	Starting provider: GMPProvider
1470802839907	addons.manager	DEBUG	Registering shutdown blocker for GMPProvider
1470802839907	addons.manager	DEBUG	Provider finished startup: GMPProvider
1470802839907	addons.manager	DEBUG	Starting provider: PluginProvider
1470802839908	addons.manager	DEBUG	Registering shutdown blocker for PluginProvider
1470802839908	addons.manager	DEBUG	Provider finished startup: PluginProvider
1470802839909	addons.manager	DEBUG	Completed startup sequence
1470802840579	addons.manager	DEBUG	Starting provider: <unnamed-provider>
1470802840579	addons.manager	DEBUG	Registering shutdown blocker for <unnamed-provider>
1470802840579	addons.manager	DEBUG	Provider finished startup: <unnamed-provider>
1470802840979	DeferredSave.extensions.json	DEBUG	Write succeeded
1470802840979	addons.xpi-utils	DEBUG	XPI Database saved, setting schema version preference to 17
1470802840979	DeferredSave.extensions.json	DEBUG	Starting timer
1470802841010	DeferredSave.extensions.json	DEBUG	Starting write
1470802841022	addons.repository	DEBUG	No addons.json found.
1470802841023	DeferredSave.addons.json	DEBUG	Save changes
1470802841027	DeferredSave.addons.json	DEBUG	Starting timer
1470802841341	addons.manager	DEBUG	Starting provider: PreviousExperimentProvider
1470802841341	addons.manager	DEBUG	Registering shutdown blocker for PreviousExperimentProvider
1470802841342	addons.manager	DEBUG	Provider finished startup: PreviousExperimentProvider
1470802841349	DeferredSave.addons.json	DEBUG	Starting write
1470802841394	DeferredSave.extensions.json	DEBUG	Write succeeded
1470802841539	DeferredSave.addons.json	DEBUG	Write succeeded

	at org.openqa.selenium.firefox.internal.NewProfileExtensionConnection.start(NewProfileExtensionConnection.java:112)
	... 29 more
]]>
    </failure>
  </testcase> <!-- @BeforeTest setup1 -->
  <testcase name="@AfterTest finalset" time="0.0" classname="Test.LoginTest">
    <skipped/>
  </testcase> <!-- @AfterTest finalset -->
  <testcase name="loginMethod" time="0.0" classname="Test.LoginTest">
    <skipped/>
  </testcase> <!-- loginMethod -->
  <testcase name="maxi" time="0.0" classname="Test.LoginTest">
    <skipped/>
  </testcase> <!-- maxi -->
</testsuite> <!-- Default test -->
